[2026-02-07 01:52:20] [INFO]: ✅ Bot is online as sans music#8773
[2026-02-07 01:52:40] [INFO]: User [sans2136] executed command [play] in guild [San's server]
[2026-02-07 01:52:50] [INFO]: Start playing: "Idgitaf - Sedia Aku Sebelum Hujan (Official Lyric Video)" in guild 1469502050646626542
[2026-02-07 01:54:28] [INFO]: ✅ Bot is online as sans music#8773
[2026-02-07 01:54:34] [INFO]: User [sans2136] executed command [play] in guild [San's server]
[2026-02-07 01:54:45] [INFO]: Start playing: "Idgitaf - Sedia Aku Sebelum Hujan (Official Lyric Video)" in guild 1469502050646626542
[2026-02-07 01:54:54] [INFO]: User [sans2136] executed command [skip] in guild [San's server]
[2026-02-07 01:54:54] [INFO]: User [sans2136] skipped the song in guild [San's server]
[2026-02-07 01:54:54] [INFO]: Song finished/skipped in guild 1469502050646626542. Checking next song...
[2026-02-07 01:57:38] [INFO]: ✅ Bot is online as sans music#8773
[2026-02-07 01:59:19] [INFO]: User [sans2136] executed [play]
[2026-02-07 01:59:22] [INFO]: Start playing: "Idgitaf - Sedia Aku Sebelum Hujan (Official Lyric Video)" in guild 1469502050646626542
[2026-02-07 01:59:33] [INFO]: User [sans2136] executed [skip]
[2026-02-07 01:59:33] [INFO]: Song skipped by sans2136
[2026-02-07 02:02:39] [INFO]: ✅ Bot is online as sans music#8773
[2026-02-07 02:04:02] [INFO]: User [sans2136] executed [play]
[2026-02-07 02:04:06] [INFO]: Start playing: "Idgitaf - Sedia Aku Sebelum Hujan (Official Lyric Video)" in guild 1469502050646626542
[2026-02-07 02:04:23] [INFO]: User [sans2136] executed [skip]
[2026-02-07 02:04:23] [INFO]: Song skipped by sans2136
[2026-02-07 02:06:40] [INFO]: ✅ Bot is online as sans music#8773
[2026-02-07 02:06:49] [INFO]: User [sans2136] executed [play]
[2026-02-07 02:06:53] [INFO]: Start playing: "Idgitaf - Sedia Aku Sebelum Hujan (Official Lyric Video)"
[2026-02-07 02:10:52] [INFO]: Start playing: "Perunggu - 33x (Video Lirik)"
[2026-02-07 02:10:52] [INFO]: Autoplay triggered: "Perunggu - 33x (Video Lirik)"
[2026-02-07 02:15:49] [INFO]: User [sans2136] executed [skip]
[2026-02-07 02:15:49] [INFO]: Song skipped by sans2136
[2026-02-07 02:16:18] [INFO]: Start playing: "Hindia - everything u are"
[2026-02-07 02:16:18] [INFO]: Autoplay triggered: "Hindia - everything u are"
[2026-02-07 02:16:58] [INFO]: ✅ Bot is online as sans music#8773
[2026-02-07 02:17:12] [INFO]: User [sans2136] executed [play]
[2026-02-07 02:17:15] [INFO]: Start playing: "Hindia - everything u are"
[2026-02-07 02:21:18] [INFO]: Start playing: "Hindia - Cincin (Official Lyric Video)"
[2026-02-07 02:21:18] [INFO]: Autoplay triggered: "Hindia - Cincin (Official Lyric Video)"
[2026-02-07 02:26:42] [INFO]: Start playing: "Hindia - everything u are"
[2026-02-07 02:26:42] [INFO]: Autoplay triggered: "Hindia - everything u are"
[2026-02-07 02:29:49] [INFO]: ✅ Bot is online as sans music#8773
[2026-02-07 02:30:03] [INFO]: User [sans2136] executed [play]
[2026-02-07 02:30:08] [INFO]: Start playing: "Hindia - everything u are"
[2026-02-07 02:30:12] [INFO]: Left guild 1469502050646626542 because voice channel is empty.
[2026-02-07 02:31:05] [INFO]: User [sans2136] executed [help]
[2026-02-07 02:32:21] [INFO]: ✅ Bot is online as sans music#8773
[2026-02-07 02:33:11] [INFO]: User [sans2136] executed [help]
[2026-02-07 02:34:19] [INFO]: ✅ Bot is online as sans music#8773
[2026-02-07 02:35:12] [INFO]: User [sans2136] executed [help]
[2026-02-07 02:38:39] [INFO]: User [sans2136] executed [play]
[2026-02-07 02:39:45] [INFO]: Start playing: "Neck Deep - December"
[2026-02-07 02:44:19] [INFO]: Start playing: "Wish You Were Here"
[2026-02-07 02:44:19] [INFO]: Autoplay triggered: "Wish You Were Here"
[2026-02-07 02:46:01] [INFO]: ✅ Bot is online as sans music#8773
[2026-02-07 02:46:14] [INFO]: User [sans2136] executed [play]
[2026-02-07 02:46:39] [INFO]: Start playing: "Neck Deep - December"
[2026-02-07 02:50:48] [INFO]: Start playing: "Wish You Were Here"
[2026-02-07 02:50:48] [INFO]: Autoplay triggered: "Wish You Were Here"
